<?xml version="1.0" encoding="UTF-8"?>
<testsuite xmlns:xsi="http://www.w3.org/2001/XMLSchema-instance" xsi:noNamespaceSchemaLocation="https://maven.apache.org/surefire/maven-surefire-plugin/xsd/surefire-test-report-3.0.xsd" version="3.0" name="pe.edu.pucp.softinv.bo.AlmacenBOTest" time="64.797" tests="5" errors="0" skipped="0" failures="0">
  <properties>
[...]
</properties>
  <testcase name="testModificar" classname="pe.edu.pucp.softinv.bo.AlmacenBOTest" time="16.838">
    <system-out><![CDATA[modificar
INSERT INTO INV_ALMACENES(NOMBRE, ALMACEN_CENTRAL) VALUES (?, ?)
INSERT INTO INV_ALMACENES(NOMBRE, ALMACEN_CENTRAL) VALUES (?, ?)
INSERT INTO INV_ALMACENES(NOMBRE, ALMACEN_CENTRAL) VALUES (?, ?)
SELECT ALMACEN_ID, NOMBRE, ALMACEN_CENTRAL FROM INV_ALMACENES
UPDATE INV_ALMACENES SET NOMBRE=?, ALMACEN_CENTRAL=? WHERE ALMACEN_ID=?
UPDATE INV_ALMACENES SET NOMBRE=?, ALMACEN_CENTRAL=? WHERE ALMACEN_ID=?
UPDATE INV_ALMACENES SET NOMBRE=?, ALMACEN_CENTRAL=? WHERE ALMACEN_ID=?
SELECT ALMACEN_ID, NOMBRE, ALMACEN_CENTRAL FROM INV_ALMACENES
SELECT ALMACEN_ID, NOMBRE, ALMACEN_CENTRAL FROM INV_ALMACENES
DELETE FROM INV_ALMACENES WHERE ALMACEN_ID=?
SELECT ALMACEN_ID, NOMBRE, ALMACEN_CENTRAL FROM INV_ALMACENES WHERE ALMACEN_ID=?
DELETE FROM INV_ALMACENES WHERE ALMACEN_ID=?
SELECT ALMACEN_ID, NOMBRE, ALMACEN_CENTRAL FROM INV_ALMACENES WHERE ALMACEN_ID=?
DELETE FROM INV_ALMACENES WHERE ALMACEN_ID=?
SELECT ALMACEN_ID, NOMBRE, ALMACEN_CENTRAL FROM INV_ALMACENES WHERE ALMACEN_ID=?
]]></system-out>
  </testcase>
  <testcase name="testObtenerPorId" classname="pe.edu.pucp.softinv.bo.AlmacenBOTest" time="13.781">
    <system-out><![CDATA[obtenerPorId
INSERT INTO INV_ALMACENES(NOMBRE, ALMACEN_CENTRAL) VALUES (?, ?)
INSERT INTO INV_ALMACENES(NOMBRE, ALMACEN_CENTRAL) VALUES (?, ?)
INSERT INTO INV_ALMACENES(NOMBRE, ALMACEN_CENTRAL) VALUES (?, ?)
SELECT ALMACEN_ID, NOMBRE, ALMACEN_CENTRAL FROM INV_ALMACENES WHERE ALMACEN_ID=?
SELECT ALMACEN_ID, NOMBRE, ALMACEN_CENTRAL FROM INV_ALMACENES WHERE ALMACEN_ID=?
SELECT ALMACEN_ID, NOMBRE, ALMACEN_CENTRAL FROM INV_ALMACENES WHERE ALMACEN_ID=?
SELECT ALMACEN_ID, NOMBRE, ALMACEN_CENTRAL FROM INV_ALMACENES
DELETE FROM INV_ALMACENES WHERE ALMACEN_ID=?
SELECT ALMACEN_ID, NOMBRE, ALMACEN_CENTRAL FROM INV_ALMACENES WHERE ALMACEN_ID=?
DELETE FROM INV_ALMACENES WHERE ALMACEN_ID=?
SELECT ALMACEN_ID, NOMBRE, ALMACEN_CENTRAL FROM INV_ALMACENES WHERE ALMACEN_ID=?
DELETE FROM INV_ALMACENES WHERE ALMACEN_ID=?
SELECT ALMACEN_ID, NOMBRE, ALMACEN_CENTRAL FROM INV_ALMACENES WHERE ALMACEN_ID=?
]]></system-out>
  </testcase>
  <testcase name="testEliminar" classname="pe.edu.pucp.softinv.bo.AlmacenBOTest" time="10.861">
    <system-out><![CDATA[eliminar
INSERT INTO INV_ALMACENES(NOMBRE, ALMACEN_CENTRAL) VALUES (?, ?)
INSERT INTO INV_ALMACENES(NOMBRE, ALMACEN_CENTRAL) VALUES (?, ?)
INSERT INTO INV_ALMACENES(NOMBRE, ALMACEN_CENTRAL) VALUES (?, ?)
SELECT ALMACEN_ID, NOMBRE, ALMACEN_CENTRAL FROM INV_ALMACENES
DELETE FROM INV_ALMACENES WHERE ALMACEN_ID=?
SELECT ALMACEN_ID, NOMBRE, ALMACEN_CENTRAL FROM INV_ALMACENES WHERE ALMACEN_ID=?
DELETE FROM INV_ALMACENES WHERE ALMACEN_ID=?
SELECT ALMACEN_ID, NOMBRE, ALMACEN_CENTRAL FROM INV_ALMACENES WHERE ALMACEN_ID=?
DELETE FROM INV_ALMACENES WHERE ALMACEN_ID=?
SELECT ALMACEN_ID, NOMBRE, ALMACEN_CENTRAL FROM INV_ALMACENES WHERE ALMACEN_ID=?
]]></system-out>
  </testcase>
  <testcase name="testInsertar" classname="pe.edu.pucp.softinv.bo.AlmacenBOTest" time="11.014">
    <system-out><![CDATA[insertar
INSERT INTO INV_ALMACENES(NOMBRE, ALMACEN_CENTRAL) VALUES (?, ?)
INSERT INTO INV_ALMACENES(NOMBRE, ALMACEN_CENTRAL) VALUES (?, ?)
INSERT INTO INV_ALMACENES(NOMBRE, ALMACEN_CENTRAL) VALUES (?, ?)
SELECT ALMACEN_ID, NOMBRE, ALMACEN_CENTRAL FROM INV_ALMACENES
DELETE FROM INV_ALMACENES WHERE ALMACEN_ID=?
SELECT ALMACEN_ID, NOMBRE, ALMACEN_CENTRAL FROM INV_ALMACENES WHERE ALMACEN_ID=?
DELETE FROM INV_ALMACENES WHERE ALMACEN_ID=?
SELECT ALMACEN_ID, NOMBRE, ALMACEN_CENTRAL FROM INV_ALMACENES WHERE ALMACEN_ID=?
DELETE FROM INV_ALMACENES WHERE ALMACEN_ID=?
SELECT ALMACEN_ID, NOMBRE, ALMACEN_CENTRAL FROM INV_ALMACENES WHERE ALMACEN_ID=?
]]></system-out>
  </testcase>
  <testcase name="testListarTodos" classname="pe.edu.pucp.softinv.bo.AlmacenBOTest" time="12.27">
    <system-out><![CDATA[listarTodos
INSERT INTO INV_ALMACENES(NOMBRE, ALMACEN_CENTRAL) VALUES (?, ?)
INSERT INTO INV_ALMACENES(NOMBRE, ALMACEN_CENTRAL) VALUES (?, ?)
INSERT INTO INV_ALMACENES(NOMBRE, ALMACEN_CENTRAL) VALUES (?, ?)
SELECT ALMACEN_ID, NOMBRE, ALMACEN_CENTRAL FROM INV_ALMACENES
SELECT ALMACEN_ID, NOMBRE, ALMACEN_CENTRAL FROM INV_ALMACENES
DELETE FROM INV_ALMACENES WHERE ALMACEN_ID=?
SELECT ALMACEN_ID, NOMBRE, ALMACEN_CENTRAL FROM INV_ALMACENES WHERE ALMACEN_ID=?
DELETE FROM INV_ALMACENES WHERE ALMACEN_ID=?
SELECT ALMACEN_ID, NOMBRE, ALMACEN_CENTRAL FROM INV_ALMACENES WHERE ALMACEN_ID=?
DELETE FROM INV_ALMACENES WHERE ALMACEN_ID=?
SELECT ALMACEN_ID, NOMBRE, ALMACEN_CENTRAL FROM INV_ALMACENES WHERE ALMACEN_ID=?
]]></system-out>
  </testcase>
</testsuite>