<?xml version="1.0" encoding="UTF-8"?>
<testsuite xmlns:xsi="http://www.w3.org/2001/XMLSchema-instance" xsi:noNamespaceSchemaLocation="https://maven.apache.org/surefire/maven-surefire-plugin/xsd/surefire-test-report-3.0.xsd" version="3.0" name="pe.edu.pucp.softinv.bo.AlmacenBOTest" time="2.253" tests="5" errors="0" skipped="0" failures="0">
  <properties>
[...]
</properties>
  <testcase name="testModificar" classname="pe.edu.pucp.softinv.bo.AlmacenBOTest" time="0.967">
    <system-out><![CDATA[modificar
]]></system-out>
  </testcase>
  <testcase name="testObtenerPorId" classname="pe.edu.pucp.softinv.bo.AlmacenBOTest" time="0.325">
    <system-out><![CDATA[obtenerPorId
]]></system-out>
  </testcase>
  <testcase name="testEliminar" classname="pe.edu.pucp.softinv.bo.AlmacenBOTest" time="0.212">
    <system-out><![CDATA[eliminar
]]></system-out>
  </testcase>
  <testcase name="testInsertar" classname="pe.edu.pucp.softinv.bo.AlmacenBOTest" time="0.216">
    <system-out><![CDATA[insertar
]]></system-out>
  </testcase>
  <testcase name="testListarTodos" classname="pe.edu.pucp.softinv.bo.AlmacenBOTest" time="0.261">
    <system-out><![CDATA[listarTodos
]]></system-out>
  </testcase>
</testsuite>