<?xml version="1.0" encoding="UTF-8"?>
<testsuite xmlns:xsi="http://www.w3.org/2001/XMLSchema-instance" xsi:noNamespaceSchemaLocation="https://maven.apache.org/surefire/maven-surefire-plugin/xsd/surefire-test-report-3.0.xsd" version="3.0" name="pe.edu.pucp.softven.dao.ProductoDAOTest" time="1.401" tests="5" errors="0" skipped="0" failures="0">
  <properties>
[...]
</properties>
  <testcase name="testModificar" classname="pe.edu.pucp.softven.dao.ProductoDAOTest" time="0.984">
    <system-out><![CDATA[modificar
]]></system-out>
    <system-err><![CDATA[may 29, 2025 8:38:47 A. M. pe.edu.pucp.softven.daoImp.DAOImplBase ejecutarModificacionEnBD
INFO: com.mysql.cj.jdbc.CallableStatement: INSERT INTO VEN_PRODUCTOS(NOMBRE, DESCRIPCION, PRECIO) VALUES ('Curso 1', 'descripción del curso 1', 299.99)
may 29, 2025 8:38:47 A. M. pe.edu.pucp.softven.daoImp.DAOImplBase ejecutarModificacionEnBD
INFO: com.mysql.cj.jdbc.CallableStatement: INSERT INTO VEN_PRODUCTOS(NOMBRE, DESCRIPCION, PRECIO) VALUES ('Curso 2', 'descripción del curso 2', 569.99)
may 29, 2025 8:38:47 A. M. pe.edu.pucp.softven.daoImp.DAOImplBase ejecutarModificacionEnBD
INFO: com.mysql.cj.jdbc.CallableStatement: INSERT INTO VEN_PRODUCTOS(NOMBRE, DESCRIPCION, PRECIO) VALUES ('Curso 3', 'descripción del curso 3', 869.99)
may 29, 2025 8:38:47 A. M. pe.edu.pucp.softven.daoImp.DAOImplBase ejecutarModificacionEnBD
INFO: com.mysql.cj.jdbc.CallableStatement: UPDATE VEN_PRODUCTOS SET NOMBRE='NuevoNombre0', DESCRIPCION='NuevsDescripcion0', PRECIO=1000.44 WHERE PRODUCTO_ID=899
may 29, 2025 8:38:47 A. M. pe.edu.pucp.softven.daoImp.DAOImplBase ejecutarModificacionEnBD
INFO: com.mysql.cj.jdbc.CallableStatement: UPDATE VEN_PRODUCTOS SET NOMBRE='NuevoNombre1', DESCRIPCION='NuevsDescripcion1', PRECIO=1001.44 WHERE PRODUCTO_ID=900
may 29, 2025 8:38:47 A. M. pe.edu.pucp.softven.daoImp.DAOImplBase ejecutarModificacionEnBD
INFO: com.mysql.cj.jdbc.CallableStatement: UPDATE VEN_PRODUCTOS SET NOMBRE='NuevoNombre2', DESCRIPCION='NuevsDescripcion2', PRECIO=1002.44 WHERE PRODUCTO_ID=901
may 29, 2025 8:38:47 A. M. pe.edu.pucp.softven.daoImp.DAOImplBase ejecutarModificacionEnBD
INFO: com.mysql.cj.jdbc.CallableStatement: DELETE FROM VEN_PRODUCTOS WHERE PRODUCTO_ID=899
may 29, 2025 8:38:47 A. M. pe.edu.pucp.softven.daoImp.DAOImplBase ejecutarModificacionEnBD
INFO: com.mysql.cj.jdbc.CallableStatement: DELETE FROM VEN_PRODUCTOS WHERE PRODUCTO_ID=900
may 29, 2025 8:38:47 A. M. pe.edu.pucp.softven.daoImp.DAOImplBase ejecutarModificacionEnBD
INFO: com.mysql.cj.jdbc.CallableStatement: DELETE FROM VEN_PRODUCTOS WHERE PRODUCTO_ID=901
]]></system-err>
  </testcase>
  <testcase name="testObtenerPorId" classname="pe.edu.pucp.softven.dao.ProductoDAOTest" time="0.12">
    <system-out><![CDATA[obtenerPorId
]]></system-out>
    <system-err><![CDATA[may 29, 2025 8:38:47 A. M. pe.edu.pucp.softven.daoImp.DAOImplBase ejecutarModificacionEnBD
INFO: com.mysql.cj.jdbc.CallableStatement: INSERT INTO VEN_PRODUCTOS(NOMBRE, DESCRIPCION, PRECIO) VALUES ('Curso 1', 'descripción del curso 1', 299.99)
may 29, 2025 8:38:48 A. M. pe.edu.pucp.softven.daoImp.DAOImplBase ejecutarModificacionEnBD
INFO: com.mysql.cj.jdbc.CallableStatement: INSERT INTO VEN_PRODUCTOS(NOMBRE, DESCRIPCION, PRECIO) VALUES ('Curso 2', 'descripción del curso 2', 569.99)
may 29, 2025 8:38:48 A. M. pe.edu.pucp.softven.daoImp.DAOImplBase ejecutarModificacionEnBD
INFO: com.mysql.cj.jdbc.CallableStatement: INSERT INTO VEN_PRODUCTOS(NOMBRE, DESCRIPCION, PRECIO) VALUES ('Curso 3', 'descripción del curso 3', 869.99)
may 29, 2025 8:38:48 A. M. pe.edu.pucp.softven.daoImp.DAOImplBase ejecutarModificacionEnBD
INFO: com.mysql.cj.jdbc.CallableStatement: DELETE FROM VEN_PRODUCTOS WHERE PRODUCTO_ID=902
may 29, 2025 8:38:48 A. M. pe.edu.pucp.softven.daoImp.DAOImplBase ejecutarModificacionEnBD
INFO: com.mysql.cj.jdbc.CallableStatement: DELETE FROM VEN_PRODUCTOS WHERE PRODUCTO_ID=903
may 29, 2025 8:38:48 A. M. pe.edu.pucp.softven.daoImp.DAOImplBase ejecutarModificacionEnBD
INFO: com.mysql.cj.jdbc.CallableStatement: DELETE FROM VEN_PRODUCTOS WHERE PRODUCTO_ID=904
]]></system-err>
  </testcase>
  <testcase name="testEliminar" classname="pe.edu.pucp.softven.dao.ProductoDAOTest" time="0.076">
    <system-out><![CDATA[eliminar
]]></system-out>
    <system-err><![CDATA[may 29, 2025 8:38:48 A. M. pe.edu.pucp.softven.daoImp.DAOImplBase ejecutarModificacionEnBD
INFO: com.mysql.cj.jdbc.CallableStatement: INSERT INTO VEN_PRODUCTOS(NOMBRE, DESCRIPCION, PRECIO) VALUES ('Curso 1', 'descripción del curso 1', 299.99)
may 29, 2025 8:38:48 A. M. pe.edu.pucp.softven.daoImp.DAOImplBase ejecutarModificacionEnBD
INFO: com.mysql.cj.jdbc.CallableStatement: INSERT INTO VEN_PRODUCTOS(NOMBRE, DESCRIPCION, PRECIO) VALUES ('Curso 2', 'descripción del curso 2', 569.99)
may 29, 2025 8:38:48 A. M. pe.edu.pucp.softven.daoImp.DAOImplBase ejecutarModificacionEnBD
INFO: com.mysql.cj.jdbc.CallableStatement: INSERT INTO VEN_PRODUCTOS(NOMBRE, DESCRIPCION, PRECIO) VALUES ('Curso 3', 'descripción del curso 3', 869.99)
may 29, 2025 8:38:48 A. M. pe.edu.pucp.softven.daoImp.DAOImplBase ejecutarModificacionEnBD
INFO: com.mysql.cj.jdbc.CallableStatement: DELETE FROM VEN_PRODUCTOS WHERE PRODUCTO_ID=905
may 29, 2025 8:38:48 A. M. pe.edu.pucp.softven.daoImp.DAOImplBase ejecutarModificacionEnBD
INFO: com.mysql.cj.jdbc.CallableStatement: DELETE FROM VEN_PRODUCTOS WHERE PRODUCTO_ID=906
may 29, 2025 8:38:48 A. M. pe.edu.pucp.softven.daoImp.DAOImplBase ejecutarModificacionEnBD
INFO: com.mysql.cj.jdbc.CallableStatement: DELETE FROM VEN_PRODUCTOS WHERE PRODUCTO_ID=907
]]></system-err>
  </testcase>
  <testcase name="testInsertar" classname="pe.edu.pucp.softven.dao.ProductoDAOTest" time="0.081">
    <system-out><![CDATA[insertar
]]></system-out>
    <system-err><![CDATA[may 29, 2025 8:38:48 A. M. pe.edu.pucp.softven.daoImp.DAOImplBase ejecutarModificacionEnBD
INFO: com.mysql.cj.jdbc.CallableStatement: INSERT INTO VEN_PRODUCTOS(NOMBRE, DESCRIPCION, PRECIO) VALUES ('Curso 1', 'descripción del curso 1', 299.99)
may 29, 2025 8:38:48 A. M. pe.edu.pucp.softven.daoImp.DAOImplBase ejecutarModificacionEnBD
INFO: com.mysql.cj.jdbc.CallableStatement: INSERT INTO VEN_PRODUCTOS(NOMBRE, DESCRIPCION, PRECIO) VALUES ('Curso 2', 'descripción del curso 2', 569.99)
may 29, 2025 8:38:48 A. M. pe.edu.pucp.softven.daoImp.DAOImplBase ejecutarModificacionEnBD
INFO: com.mysql.cj.jdbc.CallableStatement: INSERT INTO VEN_PRODUCTOS(NOMBRE, DESCRIPCION, PRECIO) VALUES ('Curso 3', 'descripción del curso 3', 869.99)
may 29, 2025 8:38:48 A. M. pe.edu.pucp.softven.daoImp.DAOImplBase ejecutarModificacionEnBD
INFO: com.mysql.cj.jdbc.CallableStatement: DELETE FROM VEN_PRODUCTOS WHERE PRODUCTO_ID=908
may 29, 2025 8:38:48 A. M. pe.edu.pucp.softven.daoImp.DAOImplBase ejecutarModificacionEnBD
INFO: com.mysql.cj.jdbc.CallableStatement: DELETE FROM VEN_PRODUCTOS WHERE PRODUCTO_ID=909
may 29, 2025 8:38:48 A. M. pe.edu.pucp.softven.daoImp.DAOImplBase ejecutarModificacionEnBD
INFO: com.mysql.cj.jdbc.CallableStatement: DELETE FROM VEN_PRODUCTOS WHERE PRODUCTO_ID=910
]]></system-err>
  </testcase>
  <testcase name="testListarTodos" classname="pe.edu.pucp.softven.dao.ProductoDAOTest" time="0.081">
    <system-out><![CDATA[listarTodos
]]></system-out>
    <system-err><![CDATA[may 29, 2025 8:38:48 A. M. pe.edu.pucp.softven.daoImp.DAOImplBase ejecutarModificacionEnBD
INFO: com.mysql.cj.jdbc.CallableStatement: INSERT INTO VEN_PRODUCTOS(NOMBRE, DESCRIPCION, PRECIO) VALUES ('Curso 1', 'descripción del curso 1', 299.99)
may 29, 2025 8:38:48 A. M. pe.edu.pucp.softven.daoImp.DAOImplBase ejecutarModificacionEnBD
INFO: com.mysql.cj.jdbc.CallableStatement: INSERT INTO VEN_PRODUCTOS(NOMBRE, DESCRIPCION, PRECIO) VALUES ('Curso 2', 'descripción del curso 2', 569.99)
may 29, 2025 8:38:48 A. M. pe.edu.pucp.softven.daoImp.DAOImplBase ejecutarModificacionEnBD
INFO: com.mysql.cj.jdbc.CallableStatement: INSERT INTO VEN_PRODUCTOS(NOMBRE, DESCRIPCION, PRECIO) VALUES ('Curso 3', 'descripción del curso 3', 869.99)
may 29, 2025 8:38:48 A. M. pe.edu.pucp.softven.daoImp.DAOImplBase ejecutarModificacionEnBD
INFO: com.mysql.cj.jdbc.CallableStatement: DELETE FROM VEN_PRODUCTOS WHERE PRODUCTO_ID=911
may 29, 2025 8:38:48 A. M. pe.edu.pucp.softven.daoImp.DAOImplBase ejecutarModificacionEnBD
INFO: com.mysql.cj.jdbc.CallableStatement: DELETE FROM VEN_PRODUCTOS WHERE PRODUCTO_ID=912
may 29, 2025 8:38:48 A. M. pe.edu.pucp.softven.daoImp.DAOImplBase ejecutarModificacionEnBD
INFO: com.mysql.cj.jdbc.CallableStatement: DELETE FROM VEN_PRODUCTOS WHERE PRODUCTO_ID=913
]]></system-err>
  </testcase>
</testsuite>